#
# There is insufficient memory for the Java Runtime Environment to continue.
# Native memory allocation (malloc) failed to allocate 32744 bytes for ChunkPool::allocate
# Possible reasons:
#   The system is out of physical RAM or swap space
#   The process is running with CompressedOops enabled, and the Java Heap may be blocking the growth of the native heap
# Possible solutions:
#   Reduce memory load on the system
#   Increase physical memory or swap space
#   Check if swap backing store is full
#   Decrease Java heap size (-Xmx/-Xms)
#   Decrease number of Java threads
#   Decrease Java thread stack sizes (-Xss)
#   Set larger code cache with -XX:ReservedCodeCacheSize=
#   JVM is running with Unscaled Compressed Oops mode in which the Java heap is
#     placed in the first 4GB address space. The Java Heap base address is the
#     maximum limit for the native heap growth. Please use -XX:HeapBaseMinAddress
#     to set the Java Heap base and to place the Java Heap above 4GB virtual address.
# This output file may be truncated or incomplete.
#
#  Out of Memory Error (arena.cpp:78), pid=16012, tid=14668
#
# JRE version: Java(TM) SE Runtime Environment (17.0.9+11) (build 17.0.9+11-LTS-201)
# Java VM: Java HotSpot(TM) 64-Bit Server VM (17.0.9+11-LTS-201, mixed mode, sharing, tiered, compressed oops, compressed class ptrs, g1 gc, windows-amd64)
# No core dump will be written. Minidumps are not enabled by default on client versions of Windows
#

---------------  S U M M A R Y ------------

Command Line: -Dfile.encoding=UTF-8 -Dstdout.encoding=UTF-8 -Dstderr.encoding=UTF-8 -XX:+ShowCodeDetailsInExceptionMessages model.TestDao

Host: AMD 3020e with Radeon Graphics                 , 2 cores, 3G,  Windows 11 , 64 bit Build 22621 (10.0.22621.2506)
Time: Sun Dec 10 15:00:48 2023 Maroc (heure d64 bit Build 22621 (10.0.22621.2506) elapsed time: 5.640714 seconds (0d 0h 0m 5s)

---------------  T H R E A D  ---------------

Current thread (0x0000013ea0975f00):  JavaThread "C2 CompilerThread0" daemon [_thread_in_native, id=14668, stack(0x000000118f400000,0x000000118f500000)]


Current CompileTask:
C2:   5641 1706   !   4       java.net.URL::<init> (543 bytes)

Stack: [0x000000118f400000,0x000000118f500000]
Native frames: (J=compiled Java code, j=interpreted, Vv=VM code, C=native code)
V  [jvm.dll+0x678a4a]
V  [jvm.dll+0x7d9cfd]
V  [jvm.dll+0x7db60e]
V  [jvm.dll+0x7dbc73]
V  [jvm.dll+0x245e1f]
V  [jvm.dll+0xaad50]
V  [jvm.dll+0xab09c]
V  [jvm.dll+0xaac14]
V  [jvm.dll+0x658534]
V  [jvm.dll+0x60cd4a]
V  [jvm.dll+0x60ad74]
V  [jvm.dll+0x217fae]
V  [jvm.dll+0x217561]
V  [jvm.dll+0x1a3bc0]
V  [jvm.dll+0x2272de]
V  [jvm.dll+0x22548b]
V  [jvm.dll+0x78f58c]
V  [jvm.dll+0x78998a]
V  [jvm.dll+0x677875]
C  [ucrtbase.dll+0x29363]
C  [KERNEL32.DLL+0x1257d]
C  [ntdll.dll+0x5aa58]


---------------  P R O C E S S  ---------------

Threads class SMR info:
_java_thread_list=0x0000013ee6705990, length=14, elements={
0x0000013e8608dd30, 0x0000013ea095ad10, 0x0000013ea095c070, 0x0000013ea096dc90,
0x0000013ea096e850, 0x0000013ea0970420, 0x0000013ea0975210, 0x0000013ea0975f00,
0x0000013ea09e1bf0, 0x0000013ea09e3cd0, 0x0000013ea0bd5b50, 0x0000013ea0be54c0,
0x0000013ee6448f30, 0x0000013ee6bec6e0
}

Java Threads: ( => current thread )
  0x0000013e8608dd30 JavaThread "main" [_thread_in_native, id=14900, stack(0x000000118e700000,0x000000118e800000)]
  0x0000013ea095ad10 JavaThread "Reference Handler" daemon [_thread_blocked, id=13404, stack(0x000000118ee00000,0x000000118ef00000)]
  0x0000013ea095c070 JavaThread "Finalizer" daemon [_thread_blocked, id=17740, stack(0x000000118ef00000,0x000000118f000000)]
  0x0000013ea096dc90 JavaThread "Signal Dispatcher" daemon [_thread_blocked, id=9516, stack(0x000000118f000000,0x000000118f100000)]
  0x0000013ea096e850 JavaThread "Attach Listener" daemon [_thread_blocked, id=6636, stack(0x000000118f100000,0x000000118f200000)]
  0x0000013ea0970420 JavaThread "Service Thread" daemon [_thread_blocked, id=3432, stack(0x000000118f200000,0x000000118f300000)]
  0x0000013ea0975210 JavaThread "Monitor Deflation Thread" daemon [_thread_blocked, id=11836, stack(0x000000118f300000,0x000000118f400000)]
=>0x0000013ea0975f00 JavaThread "C2 CompilerThread0" daemon [_thread_in_native, id=14668, stack(0x000000118f400000,0x000000118f500000)]
  0x0000013ea09e1bf0 JavaThread "C1 CompilerThread0" daemon [_thread_blocked, id=15188, stack(0x000000118f500000,0x000000118f600000)]
  0x0000013ea09e3cd0 JavaThread "Sweeper thread" daemon [_thread_blocked, id=9308, stack(0x000000118f600000,0x000000118f700000)]
  0x0000013ea0bd5b50 JavaThread "Notification Thread" daemon [_thread_blocked, id=17396, stack(0x000000118f700000,0x000000118f800000)]
  0x0000013ea0be54c0 JavaThread "Common-Cleaner" daemon [_thread_blocked, id=12080, stack(0x000000118f900000,0x000000118fa00000)]
  0x0000013ee6448f30 JavaThread "mysql-cj-abandoned-connection-cleanup" daemon [_thread_blocked, id=15032, stack(0x000000118fb00000,0x000000118fc00000)]
  0x0000013ee6bec6e0 JavaThread "Hibernate Connection Pool Validation Thread" daemon [_thread_blocked, id=17748, stack(0x000000118fc00000,0x000000118fd00000)]

Other Threads:
  0x0000013ea0954ac0 VMThread "VM Thread" [stack: 0x000000118ed00000,0x000000118ee00000] [id=10908]
  0x0000013ea0bda040 WatcherThread [stack: 0x000000118f800000,0x000000118f900000] [id=9884]
  0x0000013e860c4e30 GCTaskThread "GC Thread#0" [stack: 0x000000118e800000,0x000000118e900000] [id=18356]
  0x0000013ea0ede090 GCTaskThread "GC Thread#1" [stack: 0x000000118fa00000,0x000000118fb00000] [id=6312]
  0x0000013e860ccb00 ConcurrentGCThread "G1 Main Marker" [stack: 0x000000118e900000,0x000000118ea00000] [id=12808]
  0x0000013e860cd510 ConcurrentGCThread "G1 Conc#0" [stack: 0x000000118ea00000,0x000000118eb00000] [id=244]
  0x0000013e86100ab0 ConcurrentGCThread "G1 Refine#0" [stack: 0x000000118eb00000,0x000000118ec00000] [id=15620]
  0x0000013e86104a80 ConcurrentGCThread "G1 Service" [stack: 0x000000118ec00000,0x000000118ed00000] [id=13576]

Threads with active compile tasks:
C2 CompilerThread0     5711 1706   !   4       java.net.URL::<init> (543 bytes)

VM state: not at safepoint (normal execution)

VM Mutex/Monitor currently owned by a thread: None

Heap address: 0x00000000c9400000, size: 876 MB, Compressed Oops mode: 32-bit

CDS archive(s) mapped at: [0x0000013ea1000000-0x0000013ea1bd0000-0x0000013ea1bd0000), size 12386304, SharedBaseAddress: 0x0000013ea1000000, ArchiveRelocationMode: 1.
Compressed class space mapped at: 0x0000013ea2000000-0x0000013ee2000000, reserved size: 1073741824
Narrow klass base: 0x0000013ea1000000, Narrow klass shift: 0, Narrow klass range: 0x100000000

GC Precious Log:
 CPUs: 2 total, 2 available
 Memory: 3503M
 Large Page Support: Disabled
 NUMA Support: Disabled
 Compressed Oops: Enabled (32-bit)
 Heap Region Size: 1M
 Heap Min Capacity: 8M
 Heap Initial Capacity: 56M
 Heap Max Capacity: 876M
 Pre-touch: Disabled
 Parallel Workers: 2
 Concurrent Workers: 1
 Concurrent Refinement Workers: 2
 Periodic GC: Disabled

Heap:
 garbage-first heap   total 57344K, used 32527K [0x00000000c9400000, 0x0000000100000000)
  region size 1024K, 30 young (30720K), 2 survivors (2048K)
 Metaspace       used 21298K, committed 21504K, reserved 1114112K
  class space    used 2730K, committed 2880K, reserved 1048576K

Heap Regions: E=young(eden), S=young(survivor), O=old, HS=humongous(starts), HC=humongous(continues), CS=collection set, F=free, OA=open archive, CA=closed archive, TAMS=top-at-mark-start (previous, next)
|   0|0x00000000c9400000, 0x00000000c9500000, 0x00000000c9500000|100%|HS|  |TAMS 0x00000000c9400000, 0x00000000c9400000| Complete 
|   1|0x00000000c9500000, 0x00000000c9600000, 0x00000000c9600000|100%| O|  |TAMS 0x00000000c9500000, 0x00000000c9500000| Untracked 
|   2|0x00000000c9600000, 0x00000000c9700000, 0x00000000c9700000|100%| O|  |TAMS 0x00000000c9600000, 0x00000000c9600000| Untracked 
|   3|0x00000000c9700000, 0x00000000c9747400, 0x00000000c9800000| 27%| O|  |TAMS 0x00000000c9700000, 0x00000000c9700000| Untracked 
|   4|0x00000000c9800000, 0x00000000c9800000, 0x00000000c9900000|  0%| F|  |TAMS 0x00000000c9800000, 0x00000000c9800000| Untracked 
|   5|0x00000000c9900000, 0x00000000c9900000, 0x00000000c9a00000|  0%| F|  |TAMS 0x00000000c9900000, 0x00000000c9900000| Untracked 
|   6|0x00000000c9a00000, 0x00000000c9a00000, 0x00000000c9b00000|  0%| F|  |TAMS 0x00000000c9a00000, 0x00000000c9a00000| Untracked 
|   7|0x00000000c9b00000, 0x00000000c9b00000, 0x00000000c9c00000|  0%| F|  |TAMS 0x00000000c9b00000, 0x00000000c9b00000| Untracked 
|   8|0x00000000c9c00000, 0x00000000c9c00000, 0x00000000c9d00000|  0%| F|  |TAMS 0x00000000c9c00000, 0x00000000c9c00000| Untracked 
|   9|0x00000000c9d00000, 0x00000000c9d00000, 0x00000000c9e00000|  0%| F|  |TAMS 0x00000000c9d00000, 0x00000000c9d00000| Untracked 
|  10|0x00000000c9e00000, 0x00000000c9e00000, 0x00000000c9f00000|  0%| F|  |TAMS 0x00000000c9e00000, 0x00000000c9e00000| Untracked 
|  11|0x00000000c9f00000, 0x00000000c9f00000, 0x00000000ca000000|  0%| F|  |TAMS 0x00000000c9f00000, 0x00000000c9f00000| Untracked 
|  12|0x00000000ca000000, 0x00000000ca000000, 0x00000000ca100000|  0%| F|  |TAMS 0x00000000ca000000, 0x00000000ca000000| Untracked 
|  13|0x00000000ca100000, 0x00000000ca100000, 0x00000000ca200000|  0%| F|  |TAMS 0x00000000ca100000, 0x00000000ca100000| Untracked 
|  14|0x00000000ca200000, 0x00000000ca200000, 0x00000000ca300000|  0%| F|  |TAMS 0x00000000ca200000, 0x00000000ca200000| Untracked 
|  15|0x00000000ca300000, 0x00000000ca300000, 0x00000000ca400000|  0%| F|  |TAMS 0x00000000ca300000, 0x00000000ca300000| Untracked 
|  16|0x00000000ca400000, 0x00000000ca400000, 0x00000000ca500000|  0%| F|  |TAMS 0x00000000ca400000, 0x00000000ca400000| Untracked 
|  17|0x00000000ca500000, 0x00000000ca500000, 0x00000000ca600000|  0%| F|  |TAMS 0x00000000ca500000, 0x00000000ca500000| Untracked 
|  18|0x00000000ca600000, 0x00000000ca600000, 0x00000000ca700000|  0%| F|  |TAMS 0x00000000ca600000, 0x00000000ca600000| Untracked 
|  19|0x00000000ca700000, 0x00000000ca700000, 0x00000000ca800000|  0%| F|  |TAMS 0x00000000ca700000, 0x00000000ca700000| Untracked 
|  20|0x00000000ca800000, 0x00000000ca800000, 0x00000000ca900000|  0%| F|  |TAMS 0x00000000ca800000, 0x00000000ca800000| Untracked 
|  21|0x00000000ca900000, 0x00000000ca900000, 0x00000000caa00000|  0%| F|  |TAMS 0x00000000ca900000, 0x00000000ca900000| Untracked 
|  22|0x00000000caa00000, 0x00000000caa00000, 0x00000000cab00000|  0%| F|  |TAMS 0x00000000caa00000, 0x00000000caa00000| Untracked 
|  23|0x00000000cab00000, 0x00000000cab00000, 0x00000000cac00000|  0%| F|  |TAMS 0x00000000cab00000, 0x00000000cab00000| Untracked 
|  24|0x00000000cac00000, 0x00000000cac00000, 0x00000000cad00000|  0%| F|  |TAMS 0x00000000cac00000, 0x00000000cac00000| Untracked 
|  25|0x00000000cad00000, 0x00000000cad00000, 0x00000000cae00000|  0%| F|  |TAMS 0x00000000cad00000, 0x00000000cad00000| Untracked 
|  26|0x00000000cae00000, 0x00000000cae87e40, 0x00000000caf00000| 53%| E|  |TAMS 0x00000000cae00000, 0x00000000cae00000| Complete 
|  27|0x00000000caf00000, 0x00000000cb000000, 0x00000000cb000000|100%| E|CS|TAMS 0x00000000caf00000, 0x00000000caf00000| Complete 
|  28|0x00000000cb000000, 0x00000000cb100000, 0x00000000cb100000|100%| E|CS|TAMS 0x00000000cb000000, 0x00000000cb000000| Complete 
|  29|0x00000000cb100000, 0x00000000cb200000, 0x00000000cb200000|100%| E|CS|TAMS 0x00000000cb100000, 0x00000000cb100000| Complete 
|  30|0x00000000cb200000, 0x00000000cb300000, 0x00000000cb300000|100%| E|CS|TAMS 0x00000000cb200000, 0x00000000cb200000| Complete 
|  31|0x00000000cb300000, 0x00000000cb400000, 0x00000000cb400000|100%| E|CS|TAMS 0x00000000cb300000, 0x00000000cb300000| Complete 
|  32|0x00000000cb400000, 0x00000000cb500000, 0x00000000cb500000|100%| E|CS|TAMS 0x00000000cb400000, 0x00000000cb400000| Complete 
|  33|0x00000000cb500000, 0x00000000cb600000, 0x00000000cb600000|100%| E|CS|TAMS 0x00000000cb500000, 0x00000000cb500000| Complete 
|  34|0x00000000cb600000, 0x00000000cb700000, 0x00000000cb700000|100%| E|CS|TAMS 0x00000000cb600000, 0x00000000cb600000| Complete 
|  35|0x00000000cb700000, 0x00000000cb800000, 0x00000000cb800000|100%| E|CS|TAMS 0x00000000cb700000, 0x00000000cb700000| Complete 
|  36|0x00000000cb800000, 0x00000000cb900000, 0x00000000cb900000|100%| E|CS|TAMS 0x00000000cb800000, 0x00000000cb800000| Complete 
|  37|0x00000000cb900000, 0x00000000cba00000, 0x00000000cba00000|100%| E|CS|TAMS 0x00000000cb900000, 0x00000000cb900000| Complete 
|  38|0x00000000cba00000, 0x00000000cbb00000, 0x00000000cbb00000|100%| E|CS|TAMS 0x00000000cba00000, 0x00000000cba00000| Complete 
|  39|0x00000000cbb00000, 0x00000000cbc00000, 0x00000000cbc00000|100%| E|CS|TAMS 0x00000000cbb00000, 0x00000000cbb00000| Complete 
|  40|0x00000000cbc00000, 0x00000000cbd00000, 0x00000000cbd00000|100%| E|CS|TAMS 0x00000000cbc00000, 0x00000000cbc00000| Complete 
|  41|0x00000000cbd00000, 0x00000000cbe00000, 0x00000000cbe00000|100%| E|CS|TAMS 0x00000000cbd00000, 0x00000000cbd00000| Complete 
|  42|0x00000000cbe00000, 0x00000000cbf00000, 0x00000000cbf00000|100%| E|CS|TAMS 0x00000000cbe00000, 0x00000000cbe00000| Complete 
|  43|0x00000000cbf00000, 0x00000000cc000000, 0x00000000cc000000|100%| E|CS|TAMS 0x00000000cbf00000, 0x00000000cbf00000| Complete 
|  44|0x00000000cc000000, 0x00000000cc100000, 0x00000000cc100000|100%| E|CS|TAMS 0x00000000cc000000, 0x00000000cc000000| Complete 
|  45|0x00000000cc100000, 0x00000000cc17c800, 0x00000000cc200000| 48%| S|CS|TAMS 0x00000000cc100000, 0x00000000cc100000| Complete 
|  46|0x00000000cc200000, 0x00000000cc300000, 0x00000000cc300000|100%| S|CS|TAMS 0x00000000cc200000, 0x00000000cc200000| Complete 
|  47|0x00000000cc300000, 0x00000000cc400000, 0x00000000cc400000|100%| E|CS|TAMS 0x00000000cc300000, 0x00000000cc300000| Complete 
|  48|0x00000000cc400000, 0x00000000cc500000, 0x00000000cc500000|100%| E|CS|TAMS 0x00000000cc400000, 0x00000000cc400000| Complete 
|  49|0x00000000cc500000, 0x00000000cc600000, 0x00000000cc600000|100%| E|CS|TAMS 0x00000000cc500000, 0x00000000cc500000| Complete 
|  50|0x00000000cc600000, 0x00000000cc700000, 0x00000000cc700000|100%| E|CS|TAMS 0x00000000cc600000, 0x00000000cc600000| Complete 
|  51|0x00000000cc700000, 0x00000000cc800000, 0x00000000cc800000|100%| E|CS|TAMS 0x00000000cc700000, 0x00000000cc700000| Complete 
|  52|0x00000000cc800000, 0x00000000cc900000, 0x00000000cc900000|100%| E|CS|TAMS 0x00000000cc800000, 0x00000000cc800000| Complete 
|  53|0x00000000cc900000, 0x00000000cca00000, 0x00000000cca00000|100%| E|CS|TAMS 0x00000000cc900000, 0x00000000cc900000| Complete 
|  54|0x00000000cca00000, 0x00000000ccb00000, 0x00000000ccb00000|100%| E|CS|TAMS 0x00000000cca00000, 0x00000000cca00000| Complete 
|  55|0x00000000ccb00000, 0x00000000ccc00000, 0x00000000ccc00000|100%| E|CS|TAMS 0x00000000ccb00000, 0x00000000ccb00000| Complete 

Card table byte_map: [0x0000013e85e30000,0x0000013e85ff0000] _byte_map_base: 0x0000013e857e6000

Marking Bits (Prev, Next): (CMBitMap*) 0x0000013e860c5450, (CMBitMap*) 0x0000013e860c5490
 Prev Bits: [0x0000013e9caf0000, 0x0000013e9d8a0000)
 Next Bits: [0x0000013e9d8a0000, 0x0000013e9e650000)

Polling page: 0x0000013e84090000

Metaspace:

Usage:
  Non-class:     18.14 MB used.
      Class:      2.67 MB used.
       Both:     20.81 MB used.

Virtual space:
  Non-class space:       64.00 MB reserved,      18.19 MB ( 28%) committed,  1 nodes.
      Class space:        1.00 GB reserved,       2.81 MB ( <1%) committed,  1 nodes.
             Both:        1.06 GB reserved,      21.00 MB (  2%) committed. 

Chunk freelists:
   Non-Class:  13.25 MB
       Class:  13.23 MB
        Both:  26.48 MB

MaxMetaspaceSize: unlimited
CompressedClassSpaceSize: 1.00 GB
Initial GC threshold: 21.00 MB
Current GC threshold: 21.00 MB
CDS: on
MetaspaceReclaimPolicy: balanced
 - commit_granule_bytes: 65536.
 - commit_granule_words: 8192.
 - virtual_space_node_default_size: 8388608.
 - enlarge_chunks_in_place: 1.
 - new_chunks_are_fully_committed: 0.
 - uncommit_free_chunks: 1.
 - use_allocation_guard: 0.
 - handle_deallocations: 1.


Internal statistics:

num_allocs_failed_limit: 0.
num_arena_births: 120.
num_arena_deaths: 0.
num_vsnodes_births: 2.
num_vsnodes_deaths: 0.
num_space_committed: 336.
num_space_uncommitted: 0.
num_chunks_returned_to_freelist: 0.
num_chunks_taken_from_freelist: 577.
num_chunk_merges: 0.
num_chunk_splits: 411.
num_chunks_enlarged: 322.
num_inconsistent_stats: 0.

CodeHeap 'non-profiled nmethods': size=120064Kb used=635Kb max_used=635Kb free=119429Kb
 bounds [0x0000013e953f0000, 0x0000013e95660000, 0x0000013e9c930000]
CodeHeap 'profiled nmethods': size=120000Kb used=3163Kb max_used=3163Kb free=116836Kb
 bounds [0x0000013e8d930000, 0x0000013e8dc50000, 0x0000013e94e60000]
CodeHeap 'non-nmethods': size=5696Kb used=1263Kb max_used=1269Kb free=4432Kb
 bounds [0x0000013e94e60000, 0x0000013e950d0000, 0x0000013e953f0000]
 total_blobs=2281 nmethods=1706 adapters=487
 compilation: enabled
              stopped_count=0, restarted_count=0
 full_count=0

Compilation events (20 events):
Event: 5.525 Thread 0x0000013ea0975f00 nmethod 1697 0x0000013e9548c290 code [0x0000013e9548c440, 0x0000013e9548c708]
Event: 5.525 Thread 0x0000013ea0975f00 1698       4       sun.net.util.IPAddressUtil::checkHostString (53 bytes)
Event: 5.532 Thread 0x0000013ea0975f00 nmethod 1698 0x0000013e9548ca10 code [0x0000013e9548cbc0, 0x0000013e9548ce28]
Event: 5.548 Thread 0x0000013ea0975f00 1699       4       java.lang.StringBuilder::append (8 bytes)
Event: 5.564 Thread 0x0000013ea0975f00 nmethod 1699 0x0000013e9548d110 code [0x0000013e9548d2c0, 0x0000013e9548d9a8]
Event: 5.564 Thread 0x0000013ea09e1bf0 1700       3       java.util.HashMap::<init> (98 bytes)
Event: 5.566 Thread 0x0000013ea09e1bf0 nmethod 1700 0x0000013e8dc3bc90 code [0x0000013e8dc3bfc0, 0x0000013e8dc3d0d8]
Event: 5.566 Thread 0x0000013ea09e1bf0 1701       3       jdk.internal.org.objectweb.asm.Frame::getConcreteOutputType (111 bytes)
Event: 5.566 Thread 0x0000013ea09e1bf0 nmethod 1701 0x0000013e8dc3d690 code [0x0000013e8dc3d840, 0x0000013e8dc3dc18]
Event: 5.571 Thread 0x0000013ea09e1bf0 1702       3       java.lang.invoke.TypeConvertingMethodAdapter::convertType (299 bytes)
Event: 5.578 Thread 0x0000013ea09e1bf0 nmethod 1702 0x0000013e8dc3dd90 code [0x0000013e8dc3e3c0, 0x0000013e8dc419a8]
Event: 5.578 Thread 0x0000013ea09e1bf0 1703       3       jdk.internal.org.objectweb.asm.Type::getArgumentTypes (154 bytes)
Event: 5.581 Thread 0x0000013ea0975f00 1704       4       java.lang.String::indexOf (18 bytes)
Event: 5.583 Thread 0x0000013ea09e1bf0 nmethod 1703 0x0000013e8dc42b10 code [0x0000013e8dc42fe0, 0x0000013e8dc45aa8]
Event: 5.585 Thread 0x0000013ea0975f00 nmethod 1704 0x0000013e9548dd90 code [0x0000013e9548df20, 0x0000013e9548e2d8]
Event: 5.585 Thread 0x0000013ea0975f00 1705       4       java.lang.String::indexOf (113 bytes)
Event: 5.588 Thread 0x0000013ea0975f00 nmethod 1705 0x0000013e9548e510 code [0x0000013e9548e6a0, 0x0000013e9548e9f8]
Event: 5.592 Thread 0x0000013ea0975f00 1706   !   4       java.net.URL::<init> (543 bytes)
Event: 5.619 Thread 0x0000013ea09e1bf0 1708       3       java.util.logging.LogManager$LoggerContext::getGlobalLogger (6 bytes)
Event: 5.619 Thread 0x0000013ea09e1bf0 nmethod 1708 0x0000013e8dc46a90 code [0x0000013e8dc46c20, 0x0000013e8dc46d38]

GC Heap History (6 events):
Event: 0.824 GC heap before
{Heap before GC invocations=0 (full 0):
 garbage-first heap   total 57344K, used 6144K [0x00000000c9400000, 0x0000000100000000)
  region size 1024K, 6 young (6144K), 0 survivors (0K)
 Metaspace       used 2474K, committed 2624K, reserved 1114112K
  class space    used 204K, committed 256K, reserved 1048576K
}
Event: 0.830 GC heap after
{Heap after GC invocations=1 (full 0):
 garbage-first heap   total 57344K, used 3334K [0x00000000c9400000, 0x0000000100000000)
  region size 1024K, 1 young (1024K), 1 survivors (1024K)
 Metaspace       used 2474K, committed 2624K, reserved 1114112K
  class space    used 204K, committed 256K, reserved 1048576K
}
Event: 1.474 GC heap before
{Heap before GC invocations=1 (full 0):
 garbage-first heap   total 57344K, used 7430K [0x00000000c9400000, 0x0000000100000000)
  region size 1024K, 5 young (5120K), 1 survivors (1024K)
 Metaspace       used 5739K, committed 5888K, reserved 1114112K
  class space    used 564K, committed 640K, reserved 1048576K
}
Event: 1.480 GC heap after
{Heap after GC invocations=2 (full 0):
 garbage-first heap   total 57344K, used 4381K [0x00000000c9400000, 0x0000000100000000)
  region size 1024K, 1 young (1024K), 1 survivors (1024K)
 Metaspace       used 5739K, committed 5888K, reserved 1114112K
  class space    used 564K, committed 640K, reserved 1048576K
}
Event: 2.329 GC heap before
{Heap before GC invocations=2 (full 0):
 garbage-first heap   total 57344K, used 11549K [0x00000000c9400000, 0x0000000100000000)
  region size 1024K, 9 young (9216K), 1 survivors (1024K)
 Metaspace       used 8086K, committed 8256K, reserved 1114112K
  class space    used 947K, committed 1024K, reserved 1048576K
}
Event: 2.333 GC heap after
{Heap after GC invocations=3 (full 0):
 garbage-first heap   total 57344K, used 4879K [0x00000000c9400000, 0x0000000100000000)
  region size 1024K, 2 young (2048K), 2 survivors (2048K)
 Metaspace       used 8086K, committed 8256K, reserved 1114112K
  class space    used 947K, committed 1024K, reserved 1048576K
}

Deoptimization events (20 events):
Event: 4.094 Thread 0x0000013e8608dd30 DEOPT PACKING pc=0x0000013e8db39e88 sp=0x000000118e7fb940
Event: 4.094 Thread 0x0000013e8608dd30 DEOPT UNPACKING pc=0x0000013e94eb2b43 sp=0x000000118e7fae48 mode 0
Event: 4.105 Thread 0x0000013e8608dd30 DEOPT PACKING pc=0x0000013e8d9f79b1 sp=0x000000118e7fca80
Event: 4.105 Thread 0x0000013e8608dd30 DEOPT UNPACKING pc=0x0000013e94eb2b43 sp=0x000000118e7fbf78 mode 0
Event: 4.153 Thread 0x0000013e8608dd30 Uncommon trap: trap_request=0xffffff45 fr.pc=0x0000013e95445e50 relative=0x0000000000000210
Event: 4.153 Thread 0x0000013e8608dd30 Uncommon trap: reason=unstable_if action=reinterpret pc=0x0000013e95445e50 method=java.util.HashMap.putVal(ILjava/lang/Object;Ljava/lang/Object;ZZ)Ljava/lang/Object; @ 162 c2
Event: 4.153 Thread 0x0000013e8608dd30 DEOPT PACKING pc=0x0000013e95445e50 sp=0x000000118e7fc270
Event: 4.153 Thread 0x0000013e8608dd30 DEOPT UNPACKING pc=0x0000013e94eb23a3 sp=0x000000118e7fc220 mode 2
Event: 4.267 Thread 0x0000013e8608dd30 Uncommon trap: trap_request=0xffffff45 fr.pc=0x0000013e95452580 relative=0x0000000000000640
Event: 4.267 Thread 0x0000013e8608dd30 Uncommon trap: reason=unstable_if action=reinterpret pc=0x0000013e95452580 method=java.lang.StringLatin1.regionMatchesCI([BI[BII)Z @ 72 c2
Event: 4.267 Thread 0x0000013e8608dd30 DEOPT PACKING pc=0x0000013e95452580 sp=0x000000118e7f9aa0
Event: 4.267 Thread 0x0000013e8608dd30 DEOPT UNPACKING pc=0x0000013e94eb23a3 sp=0x000000118e7f9968 mode 2
Event: 5.051 Thread 0x0000013e8608dd30 Uncommon trap: trap_request=0xffffff45 fr.pc=0x0000013e95481610 relative=0x0000000000000650
Event: 5.051 Thread 0x0000013e8608dd30 Uncommon trap: reason=unstable_if action=reinterpret pc=0x0000013e95481610 method=java.lang.AbstractStringBuilder.append(Ljava/lang/String;)Ljava/lang/AbstractStringBuilder; @ 1 c2
Event: 5.051 Thread 0x0000013e8608dd30 DEOPT PACKING pc=0x0000013e95481610 sp=0x000000118e7fd1f0
Event: 5.051 Thread 0x0000013e8608dd30 DEOPT UNPACKING pc=0x0000013e94eb23a3 sp=0x000000118e7fd170 mode 2
Event: 5.051 Thread 0x0000013e8608dd30 Uncommon trap: trap_request=0xffffff45 fr.pc=0x0000013e95479d30 relative=0x0000000000000670
Event: 5.051 Thread 0x0000013e8608dd30 Uncommon trap: reason=unstable_if action=reinterpret pc=0x0000013e95479d30 method=java.lang.AbstractStringBuilder.append(Ljava/lang/String;)Ljava/lang/AbstractStringBuilder; @ 1 c2
Event: 5.051 Thread 0x0000013e8608dd30 DEOPT PACKING pc=0x0000013e95479d30 sp=0x000000118e7fd190
Event: 5.051 Thread 0x0000013e8608dd30 DEOPT UNPACKING pc=0x0000013e94eb23a3 sp=0x000000118e7fd178 mode 2

Classes unloaded (0 events):
No events

Classes redefined (0 events):
No events

Internal exceptions (20 events):
Event: 0.536 Thread 0x0000013e8608dd30 Exception <a 'java/lang/NoSuchMethodError'{0x00000000cc8eef28}: 'void java.lang.invoke.DelegatingMethodHandle$Holder.delegate(java.lang.Object, java.lang.Object, int, java.lang.Object)'> (0x00000000cc8eef28) 
thrown [s\open\src\hotspot\share\interpreter\linkResolver.cpp, line 759]
Event: 0.537 Thread 0x0000013e8608dd30 Exception <a 'java/lang/NoSuchMethodError'{0x00000000cc8f3168}: 'int java.lang.invoke.DirectMethodHandle$Holder.invokeSpecial(java.lang.Object, java.lang.Object, java.lang.Object)'> (0x00000000cc8f3168) 
thrown [s\open\src\hotspot\share\interpreter\linkResolver.cpp, line 759]
Event: 0.993 Thread 0x0000013e8608dd30 Exception <a 'java/lang/ClassNotFoundException'{0x00000000ccbccfd8}: com/sun/org/apache/xerces/internal/impl/xpath/regex/spi/messageProvider> (0x00000000ccbccfd8) 
thrown [s\open\src\hotspot\share\classfile\systemDictionary.cpp, line 256]
Event: 2.611 Thread 0x0000013e8608dd30 Exception <a 'java/lang/NoSuchMethodError'{0x00000000cc970c40}: 'java.lang.Object java.lang.invoke.DirectMethodHandle$Holder.invokeStaticInit(java.lang.Object, int, int, int, int)'> (0x00000000cc970c40) 
thrown [s\open\src\hotspot\share\interpreter\linkResolver.cpp, line 759]
Event: 2.829 Thread 0x0000013e8608dd30 Exception <a 'java/lang/NoSuchMethodError'{0x00000000cc9dfb20}: 'java.lang.Object java.lang.invoke.DirectMethodHandle$Holder.invokeStaticInit(java.lang.Object, java.lang.Object, int, int, int, int)'> (0x00000000cc9dfb20) 
thrown [s\open\src\hotspot\share\interpreter\linkResolver.cpp, line 759]
Event: 3.156 Thread 0x0000013e8608dd30 Exception <a 'java/lang/NoSuchMethodError'{0x00000000cc6f4128}: 'java.lang.Object java.lang.invoke.Invokers$Holder.invokeExact_MT(java.lang.Object, java.lang.Object, java.lang.Object, java.lang.Object, java.lang.Object, java.lang.Object)'> (0x00000000cc6f4128) 
thrown [s\open\src\hotspot\share\interpreter\linkResolver.cpp, line 759]
Event: 3.542 Thread 0x0000013e8608dd30 Exception <a 'java/lang/NoSuchMethodError'{0x00000000cbf59038}: 'java.lang.Object java.lang.invoke.DirectMethodHandle$Holder.invokeStaticInit(java.lang.Object)'> (0x00000000cbf59038) 
thrown [s\open\src\hotspot\share\interpreter\linkResolver.cpp, line 759]
Event: 3.544 Thread 0x0000013e8608dd30 Exception <a 'java/lang/NoSuchMethodError'{0x00000000cbf5f270}: 'java.lang.Object java.lang.invoke.DirectMethodHandle$Holder.invokeInterface(java.lang.Object, java.lang.Object)'> (0x00000000cbf5f270) 
thrown [s\open\src\hotspot\share\interpreter\linkResolver.cpp, line 759]
Event: 3.588 Thread 0x0000013e8608dd30 Exception <a 'java/lang/NoSuchMethodError'{0x00000000cbfdf750}: 'void java.lang.invoke.DirectMethodHandle$Holder.invokeSpecial(java.lang.Object, java.lang.Object, java.lang.Object)'> (0x00000000cbfdf750) 
thrown [s\open\src\hotspot\share\interpreter\linkResolver.cpp, line 759]
Event: 3.591 Thread 0x0000013e8608dd30 Exception <a 'java/lang/NoSuchMethodError'{0x00000000cbfe6148}: 'void java.lang.invoke.DirectMethodHandle$Holder.invokeStatic(java.lang.Object, java.lang.Object, java.lang.Object)'> (0x00000000cbfe6148) 
thrown [s\open\src\hotspot\share\interpreter\linkResolver.cpp, line 759]
Event: 3.597 Thread 0x0000013e8608dd30 Exception <a 'java/lang/NoSuchMethodError'{0x00000000cbff0ab0}: 'java.lang.Object java.lang.invoke.DirectMethodHandle$Holder.invokeVirtual(java.lang.Object, java.lang.Object, java.lang.Object)'> (0x00000000cbff0ab0) 
thrown [s\open\src\hotspot\share\interpreter\linkResolver.cpp, line 759]
Event: 3.877 Thread 0x0000013e8608dd30 Exception <a 'java/lang/NoSuchMethodError'{0x00000000cbb27e30}: 'void java.lang.invoke.DirectMethodHandle$Holder.invokeStatic(java.lang.Object, java.lang.Object)'> (0x00000000cbb27e30) 
thrown [s\open\src\hotspot\share\interpreter\linkResolver.cpp, line 759]
Event: 4.106 Thread 0x0000013e8608dd30 Exception <a 'java/lang/NoSuchMethodError'{0x00000000cb9dc250}: 'void java.lang.invoke.DirectMethodHandle$Holder.invokeStaticInit(java.lang.Object, java.lang.Object)'> (0x00000000cb9dc250) 
thrown [s\open\src\hotspot\share\interpreter\linkResolver.cpp, line 759]
Event: 4.251 Thread 0x0000013e8608dd30 Exception <a 'sun/nio/fs/WindowsException'{0x00000000cb8e1238}> (0x00000000cb8e1238) 
thrown [s\open\src\hotspot\share\prims\jni.cpp, line 516]
Event: 4.285 Thread 0x0000013e8608dd30 Exception <a 'java/lang/NoSuchMethodError'{0x00000000cb7088c0}: 'int java.lang.invoke.DirectMethodHandle$Holder.invokeStaticInit(java.lang.Object, java.lang.Object, java.lang.Object, java.lang.Object)'> (0x00000000cb7088c0) 
thrown [s\open\src\hotspot\share\interpreter\linkResolver.cpp, line 759]
Event: 4.287 Thread 0x0000013e8608dd30 Exception <a 'java/lang/IncompatibleClassChangeError'{0x00000000cb711d10}: Found class java.lang.Object, but interface was expected> (0x00000000cb711d10) 
thrown [s\open\src\hotspot\share\interpreter\linkResolver.cpp, line 826]
Event: 4.288 Thread 0x0000013e8608dd30 Exception <a 'java/lang/NoSuchMethodError'{0x00000000cb7174c0}: 'int java.lang.invoke.DirectMethodHandle$Holder.invokeStaticInit(java.lang.Object, java.lang.Object)'> (0x00000000cb7174c0) 
thrown [s\open\src\hotspot\share\interpreter\linkResolver.cpp, line 759]
Event: 5.051 Thread 0x0000013e8608dd30 Implicit null exception at 0x0000013e95480ff2 to 0x0000013e954815f8
Event: 5.051 Thread 0x0000013e8608dd30 Implicit null exception at 0x0000013e954796f2 to 0x0000013e95479d18
Event: 5.081 Thread 0x0000013e8608dd30 Exception <a 'java/lang/NoSuchMethodError'{0x00000000cb5f8040}: 'void java.lang.invoke.DirectMethodHandle$Holder.invokeVirtual(java.lang.Object, java.lang.Object)'> (0x00000000cb5f8040) 
thrown [s\open\src\hotspot\share\interpreter\linkResolver.cpp, line 759]

VM Operations (20 events):
Event: 2.468 Executing VM operation: HandshakeAllThreads
Event: 2.468 Executing VM operation: HandshakeAllThreads done
Event: 2.530 Executing VM operation: HandshakeAllThreads
Event: 2.530 Executing VM operation: HandshakeAllThreads done
Event: 2.654 Executing VM operation: HandshakeAllThreads
Event: 2.654 Executing VM operation: HandshakeAllThreads done
Event: 3.665 Executing VM operation: Cleanup
Event: 3.666 Executing VM operation: Cleanup done
Event: 4.049 Executing VM operation: HandshakeAllThreads
Event: 4.049 Executing VM operation: HandshakeAllThreads done
Event: 4.177 Executing VM operation: HandshakeAllThreads
Event: 4.177 Executing VM operation: HandshakeAllThreads done
Event: 4.254 Executing VM operation: HandshakeAllThreads
Event: 4.254 Executing VM operation: HandshakeAllThreads done
Event: 4.273 Executing VM operation: HandshakeAllThreads
Event: 4.273 Executing VM operation: HandshakeAllThreads done
Event: 4.789 Executing VM operation: HandshakeAllThreads
Event: 4.789 Executing VM operation: HandshakeAllThreads done
Event: 4.789 Executing VM operation: Cleanup
Event: 4.789 Executing VM operation: Cleanup done

Events (20 events):
Event: 5.320 loading class java/lang/AbstractMethodError
Event: 5.320 loading class java/lang/AbstractMethodError done
Event: 5.348 loading class java/io/CharArrayWriter
Event: 5.349 loading class java/io/CharArrayWriter done
Event: 5.349 loading class java/io/StringReader
Event: 5.349 loading class java/io/StringReader done
Event: 5.350 loading class java/lang/StringIndexOutOfBoundsException
Event: 5.350 loading class java/lang/StringIndexOutOfBoundsException done
Event: 5.631 loading class sun/reflect/generics/repository/ClassRepository
Event: 5.632 loading class sun/reflect/generics/repository/GenericDeclRepository
Event: 5.632 loading class sun/reflect/generics/repository/AbstractRepository
Event: 5.632 loading class sun/reflect/generics/repository/AbstractRepository done
Event: 5.632 loading class sun/reflect/generics/repository/GenericDeclRepository done
Event: 5.632 loading class sun/reflect/generics/repository/ClassRepository done
Event: 5.634 loading class sun/reflect/generics/tree/FormalTypeParameter
Event: 5.634 loading class sun/reflect/generics/tree/FormalTypeParameter done
Event: 5.634 loading class sun/reflect/generics/tree/ClassSignature
Event: 5.635 loading class sun/reflect/generics/tree/Signature
Event: 5.635 loading class sun/reflect/generics/tree/Signature done
Event: 5.635 loading class sun/reflect/generics/tree/ClassSignature done


Dynamic libraries:
0x00007ff767080000 - 0x00007ff767090000 	C:\Users\jaraf\Desktop\jdk-17.0.9\bin\javaw.exe
0x00007ffa30ef0000 - 0x00007ffa31107000 	C:\WINDOWS\SYSTEM32\ntdll.dll
0x00007ffa2f400000 - 0x00007ffa2f4c4000 	C:\WINDOWS\System32\KERNEL32.DLL
0x00007ffa2e2d0000 - 0x00007ffa2e675000 	C:\WINDOWS\System32\KERNELBASE.dll
0x00007ffa2e7f0000 - 0x00007ffa2e901000 	C:\WINDOWS\System32\ucrtbase.dll
0x00007ffa24000000 - 0x00007ffa24019000 	C:\Users\jaraf\Desktop\jdk-17.0.9\bin\jli.dll
0x00007ffa2fa60000 - 0x00007ffa2fb11000 	C:\WINDOWS\System32\ADVAPI32.dll
0x00007ffa2ee90000 - 0x00007ffa2ef37000 	C:\WINDOWS\System32\msvcrt.dll
0x00007ffa2f230000 - 0x00007ffa2f2d6000 	C:\WINDOWS\System32\sechost.dll
0x00007ffa2f2e0000 - 0x00007ffa2f3f7000 	C:\WINDOWS\System32\RPCRT4.dll
0x00007ffa2f4d0000 - 0x00007ffa2f67e000 	C:\WINDOWS\System32\USER32.dll
0x00007ffa2e740000 - 0x00007ffa2e766000 	C:\WINDOWS\System32\win32u.dll
0x00007ffa2ef50000 - 0x00007ffa2ef79000 	C:\WINDOWS\System32\GDI32.dll
0x00007ffa2eb20000 - 0x00007ffa2ec39000 	C:\WINDOWS\System32\gdi32full.dll
0x00007ffa2ea80000 - 0x00007ffa2eb1a000 	C:\WINDOWS\System32\msvcp_win.dll
0x00007ffa13af0000 - 0x00007ffa13b0b000 	C:\Users\jaraf\Desktop\jdk-17.0.9\bin\VCRUNTIME140.dll
0x00007ffa16d80000 - 0x00007ffa17013000 	C:\WINDOWS\WinSxS\amd64_microsoft.windows.common-controls_6595b64144ccf1df_6.0.22621.2506_none_270c5ae97388e100\COMCTL32.dll
0x00007ffa26b20000 - 0x00007ffa26b2a000 	C:\WINDOWS\SYSTEM32\VERSION.dll
0x00007ffa2ed50000 - 0x00007ffa2ed81000 	C:\WINDOWS\System32\IMM32.DLL
0x00007ffa23ff0000 - 0x00007ffa23ffc000 	C:\Users\jaraf\Desktop\jdk-17.0.9\bin\vcruntime140_1.dll
0x00007ffa04270000 - 0x00007ffa042fe000 	C:\Users\jaraf\Desktop\jdk-17.0.9\bin\msvcp140.dll
0x00007ff9e6ac0000 - 0x00007ff9e76a1000 	C:\Users\jaraf\Desktop\jdk-17.0.9\bin\server\jvm.dll
0x00007ffa2ef40000 - 0x00007ffa2ef48000 	C:\WINDOWS\System32\PSAPI.DLL
0x00007ffa1adb0000 - 0x00007ffa1adb9000 	C:\WINDOWS\SYSTEM32\WSOCK32.dll
0x00007ffa301f0000 - 0x00007ffa30261000 	C:\WINDOWS\System32\WS2_32.dll
0x00007ffa26330000 - 0x00007ffa26364000 	C:\WINDOWS\SYSTEM32\WINMM.dll
0x00007ffa2d260000 - 0x00007ffa2d278000 	C:\WINDOWS\SYSTEM32\kernel.appcore.dll
0x00007ffa12810000 - 0x00007ffa1281a000 	C:\Users\jaraf\Desktop\jdk-17.0.9\bin\jimage.dll
0x00007ffa1bcb0000 - 0x00007ffa1bee3000 	C:\WINDOWS\SYSTEM32\DBGHELP.DLL
0x00007ffa30ad0000 - 0x00007ffa30e59000 	C:\WINDOWS\System32\combase.dll
0x00007ffa2f680000 - 0x00007ffa2f757000 	C:\WINDOWS\System32\OLEAUT32.dll
0x00007ffa13f00000 - 0x00007ffa13f32000 	C:\WINDOWS\SYSTEM32\dbgcore.DLL
0x00007ffa2e770000 - 0x00007ffa2e7ea000 	C:\WINDOWS\System32\bcryptPrimitives.dll
0x00007ffa04470000 - 0x00007ffa04495000 	C:\Users\jaraf\Desktop\jdk-17.0.9\bin\java.dll
0x00007ff9f17b0000 - 0x00007ff9f1887000 	C:\Users\jaraf\Desktop\jdk-17.0.9\bin\jsvml.dll
0x00007ffa30270000 - 0x00007ffa30ac9000 	C:\WINDOWS\System32\SHELL32.dll
0x00007ffa2c130000 - 0x00007ffa2ca24000 	C:\WINDOWS\SYSTEM32\windows.storage.dll
0x00007ffa2bff0000 - 0x00007ffa2c12e000 	C:\WINDOWS\SYSTEM32\wintypes.dll
0x00007ffa300f0000 - 0x00007ffa301e3000 	C:\WINDOWS\System32\SHCORE.dll
0x00007ffa2f1d0000 - 0x00007ffa2f22e000 	C:\WINDOWS\System32\shlwapi.dll
0x00007ffa2e190000 - 0x00007ffa2e1b6000 	C:\WINDOWS\SYSTEM32\profapi.dll
0x00007ffa0ec80000 - 0x00007ffa0ec99000 	C:\Users\jaraf\Desktop\jdk-17.0.9\bin\net.dll
0x00007ffa240e0000 - 0x00007ffa24217000 	C:\WINDOWS\SYSTEM32\WINHTTP.dll
0x00007ffa2d6e0000 - 0x00007ffa2d749000 	C:\WINDOWS\system32\mswsock.dll
0x00007ffa04250000 - 0x00007ffa04266000 	C:\Users\jaraf\Desktop\jdk-17.0.9\bin\nio.dll
0x00007ffa041e0000 - 0x00007ffa041f8000 	C:\Users\jaraf\Desktop\jdk-17.0.9\bin\zip.dll
0x00007ffa0ef40000 - 0x00007ffa0ef50000 	C:\Users\jaraf\Desktop\jdk-17.0.9\bin\verify.dll
0x00007ffa2d930000 - 0x00007ffa2d94b000 	C:\WINDOWS\SYSTEM32\CRYPTSP.dll
0x00007ffa2d1c0000 - 0x00007ffa2d1f5000 	C:\WINDOWS\system32\rsaenh.dll
0x00007ffa2d7d0000 - 0x00007ffa2d7fc000 	C:\WINDOWS\SYSTEM32\USERENV.dll
0x00007ffa2db20000 - 0x00007ffa2db48000 	C:\WINDOWS\SYSTEM32\bcrypt.dll
0x00007ffa2d950000 - 0x00007ffa2d95c000 	C:\WINDOWS\SYSTEM32\CRYPTBASE.dll
0x00007ffa2ccd0000 - 0x00007ffa2ccfd000 	C:\WINDOWS\SYSTEM32\IPHLPAPI.DLL
0x00007ffa2f9e0000 - 0x00007ffa2f9e9000 	C:\WINDOWS\System32\NSI.dll
0x00007ffa24020000 - 0x00007ffa24039000 	C:\WINDOWS\SYSTEM32\dhcpcsvc6.DLL
0x00007ffa23e60000 - 0x00007ffa23e7f000 	C:\WINDOWS\SYSTEM32\dhcpcsvc.DLL
0x00007ffa2cd00000 - 0x00007ffa2cdf9000 	C:\WINDOWS\SYSTEM32\DNSAPI.dll
0x00007ffa26b00000 - 0x00007ffa26b0a000 	C:\Windows\System32\rasadhlp.dll
0x00007ffa24a90000 - 0x00007ffa24b13000 	C:\WINDOWS\System32\fwpuclnt.dll
0x00007ffa04600000 - 0x00007ffa0460e000 	C:\Users\jaraf\Desktop\jdk-17.0.9\bin\sunmscapi.dll
0x00007ffa2e910000 - 0x00007ffa2ea76000 	C:\WINDOWS\System32\CRYPT32.dll
0x00007ffa2daf0000 - 0x00007ffa2db1d000 	C:\WINDOWS\SYSTEM32\ncrypt.dll
0x00007ffa2dab0000 - 0x00007ffa2dae7000 	C:\WINDOWS\SYSTEM32\NTASN1.dll

dbghelp: loaded successfully - version: 4.0.5 - missing functions: none
symbol engine: initialized successfully - sym options: 0x614 - pdb path: .;C:\Users\jaraf\Desktop\jdk-17.0.9\bin;C:\WINDOWS\SYSTEM32;C:\WINDOWS\WinSxS\amd64_microsoft.windows.common-controls_6595b64144ccf1df_6.0.22621.2506_none_270c5ae97388e100;C:\Users\jaraf\Desktop\jdk-17.0.9\bin\server

VM Arguments:
jvm_args: -Dfile.encoding=UTF-8 -Dstdout.encoding=UTF-8 -Dstderr.encoding=UTF-8 -XX:+ShowCodeDetailsInExceptionMessages 
java_command: model.TestDao
java_class_path (initial): C:\Users\jaraf\OneDrive\Documents\génie info\S7\JEE\td\TP3_J2E\target\classes;C:\Users\jaraf\Desktop\mysql-connector-j-8.2.0.jar;C:\Users\jaraf\.m2\repository\mysql\mysql-connector-java\8.0.27\mysql-connector-java-8.0.27.jar;C:\Users\jaraf\.m2\repository\com\google\protobuf\protobuf-java\3.11.4\protobuf-java-3.11.4.jar;C:\Users\jaraf\.m2\repository\org\hibernate\hibernate-core\5.5.6.Final\hibernate-core-5.5.6.Final.jar;C:\Users\jaraf\.m2\repository\javax\persistence\javax.persistence-api\2.2\javax.persistence-api-2.2.jar;C:\Users\jaraf\.m2\repository\org\javassist\javassist\3.27.0-GA\javassist-3.27.0-GA.jar;C:\Users\jaraf\.m2\repository\net\bytebuddy\byte-buddy\1.11.8\byte-buddy-1.11.8.jar;C:\Users\jaraf\.m2\repository\antlr\antlr\2.7.7\antlr-2.7.7.jar;C:\Users\jaraf\.m2\repository\org\jboss\spec\javax\transaction\jboss-transaction-api_1.2_spec\1.1.1.Final\jboss-transaction-api_1.2_spec-1.1.1.Final.jar;C:\Users\jaraf\.m2\repository\org\jboss\jandex\2.2.3.Final\jandex-2.2.3.Final.jar;C:\Users\jaraf\.m2\repository\com\fasterxml\classmate\1.5.1\classmate-1.5.1.jar;C:\Users\jaraf\.m2\repository\javax\activation\javax.activation-api\1.2.0\javax.activation-api-1.2.0.jar;C:\Users\jaraf\.m2\repository\org\hibernate\common\hibernate-commons-annotations\5.1.2.Final\hibernate-commons-annotations-5.1.2.Final.jar;C:\Users\jaraf\.m2\repository\javax\xml\bind\jaxb-api\2.3.1\jaxb-api-2.3.1.jar;C:\Users\jaraf\.m2\repository\org\glassfish\jaxb\jaxb-runtime\2.3.1\jaxb-runtime-2.3.1.jar;C:\Users\jaraf\.m2\repository\org\glassfish\jaxb\txw2\2.3.1\txw2-2.3.1.jar;C:\Users\jaraf\.m2\repository\com\sun\istack\istack-commons-runtime\3.0.7\istack-commons-runtime-3.0.7.jar;C:\Users\jaraf\.m2\repository\org\jvnet\staxex\stax-ex\1.8\stax-ex-1.8.jar;C:\Users\jaraf\.m2\repository\com\sun\xml\fastinfoset\FastInfoset\1.2.15\FastInfoset-1.2.15.jar;C:\Users\jaraf\.m2\repository\org\hibernate\hibernate-entitymanager\5.6.5.Final\hibernate-entitymanager-5.6.5.Final.jar;C:\Use
Launcher Type: SUN_STANDARD

[Global flags]
     intx CICompilerCount                          = 2                                         {product} {ergonomic}
     uint ConcGCThreads                            = 1                                         {product} {ergonomic}
     uint G1ConcRefinementThreads                  = 2                                         {product} {ergonomic}
   size_t G1HeapRegionSize                         = 1048576                                   {product} {ergonomic}
    uintx GCDrainStackTargetSize                   = 64                                        {product} {ergonomic}
   size_t InitialHeapSize                          = 58720256                                  {product} {ergonomic}
   size_t MarkStackSize                            = 4194304                                   {product} {ergonomic}
   size_t MaxHeapSize                              = 918552576                                 {product} {ergonomic}
   size_t MaxNewSize                               = 550502400                                 {product} {ergonomic}
   size_t MinHeapDeltaBytes                        = 1048576                                   {product} {ergonomic}
   size_t MinHeapSize                              = 8388608                                   {product} {ergonomic}
    uintx NonNMethodCodeHeapSize                   = 5826188                                {pd product} {ergonomic}
    uintx NonProfiledCodeHeapSize                  = 122916026                              {pd product} {ergonomic}
    uintx ProfiledCodeHeapSize                     = 122916026                              {pd product} {ergonomic}
    uintx ReservedCodeCacheSize                    = 251658240                              {pd product} {ergonomic}
     bool SegmentedCodeCache                       = true                                      {product} {ergonomic}
     bool ShowCodeDetailsInExceptionMessages       = true                                   {manageable} {command line}
   size_t SoftMaxHeapSize                          = 918552576                              {manageable} {ergonomic}
     bool UseCompressedClassPointers               = true                           {product lp64_product} {ergonomic}
     bool UseCompressedOops                        = true                           {product lp64_product} {ergonomic}
     bool UseG1GC                                  = true                                      {product} {ergonomic}
     bool UseLargePagesIndividualAllocation        = false                                  {pd product} {ergonomic}

Logging:
Log output configuration:
 #0: stdout all=warning uptime,level,tags
 #1: stderr all=off uptime,level,tags

Environment Variables:
PATH=C:/Users/jaraf/Desktop/eclipse-jee-2023-09-R-win32-x86_64/eclipse//plugins/org.eclipse.justj.openjdk.hotspot.jre.full.win32.x86_64_17.0.8.v20230831-1047/jre/bin/server;C:/Users/jaraf/Desktop/eclipse-jee-2023-09-R-win32-x86_64/eclipse//plugins/org.eclipse.justj.openjdk.hotspot.jre.full.win32.x86_64_17.0.8.v20230831-1047/jre/bin;C:\oracle\product\10.2.0\db_1\bin;C:\oraclexe\app\oracle\product\11.2.0\server\bin;C:\Program Files\Common Files\Oracle\Java\javapath;C:\WINDOWS.X64_193000_db_home\bin;C:\WINDOWS\system32;C:\WINDOWS;C:\WINDOWS\System32\Wbem;C:\WINDOWS\System32\WindowsPowerShell\v1.0\;C:\WINDOWS\System32\OpenSSH\;C:\Program Files\Java\jdk-20\bin;C:\wamp64\bin\php\php7.4.33\;C:\Program Files\Git\cmd;C:\Program Files\MongoDB\Server\7.0\bin;C:\Program Files\Java\jdk-20\bin;C:\WINDOWS.X64_193000_db_home;%CATALIN_HOME%\bin;C:\Program Files\nodejs\;C:\Users\jaraf\AppData\Local\Microsoft\WindowsApps;C:\Microsoft VS Code\bin;C:\Users\jaraf\Desktop\MinGW\bin;C:\Users\jaraf\AppData\Roaming\npm;C:\Users\jaraf\Desktop\eclipse-jee-2023-09-R-win32-x86_64\eclipse;
USERNAME=jaraf
OS=Windows_NT
PROCESSOR_IDENTIFIER=AMD64 Family 23 Model 32 Stepping 1, AuthenticAMD



---------------  S Y S T E M  ---------------

OS:
 Windows 11 , 64 bit Build 22621 (10.0.22621.2506)
OS uptime: 0 days 4:14 hours
Hyper-V role detected

CPU: total 2 (initial active 2) (2 cores per cpu, 1 threads per core) family 23 model 32 stepping 1 microcode 0x0, cx8, cmov, fxsr, mmx, 3dnowpref, sse, sse2, sse3, ssse3, sse4a, sse4.1, sse4.2, popcnt, lzcnt, tsc, tscinvbit, avx, avx2, aes, clmul, bmi1, bmi2, adx, sha, fma, vzeroupper, clflush, clflushopt, hv

Memory: 4k page, system-wide physical 3503M (224M free)
TotalPageFile size 14255M (AvailPageFile size 2M)
current process WorkingSet (physical memory assigned to process): 108M, peak: 108M
current process commit charge ("private bytes"): 156M, peak: 156M

vm_info: Java HotSpot(TM) 64-Bit Server VM (17.0.9+11-LTS-201) for windows-amd64 JRE (17.0.9+11-LTS-201), built on Oct 10 2023 23:16:06 by "mach5one" with MS VC++ 17.1 (VS2022)

END.
